Arguments: 
  C:\Program Files\nodejs\node.exe C:\Users\LC\AppData\Roaming\npm\node_modules\yarn\bin\yarn.js add gsap

PATH: 
  C:\Users\LC\bin;C:\Program Files\Git\mingw64\bin;C:\Program Files\Git\usr\local\bin;C:\Program Files\Git\usr\bin;C:\Program Files\Git\usr\bin;C:\Program Files\Git\mingw64\bin;C:\Program Files\Git\usr\bin;C:\Users\LC\bin;C:\Windows\system32;C:\Windows;C:\Windows\System32\Wbem;C:\Windows\System32\WindowsPowerShell\v1.0;C:\Windows\System32\OpenSSH;C:\Program Files\Git\cmd;C:\Program Files\nodejs;C:\Users\LC\AppData\Local\Microsoft\WindowsApps;C:\Users\LC\AppData\Local\Programs\Microsoft VS Code\bin;C:\Users\LC\AppData\Local\GitHubDesktop\bin;C:\WinNMP\bin;C:\Users\LC\AppData\Roaming\npm;C:\Program Files\Git\usr\bin\vendor_perl;C:\Program Files\Git\usr\bin\core_perl

Yarn version: 
  1.22.11

Node version: 
  14.17.1

Platform: 
  win32 x64

Trace: 
  Error: EPERM: operation not permitted, unlink 'C:\Users\LC\OneDrive\Υπολογιστής\NFT\NFTproject\node_modules\esbuild-windows-64\esbuild.exe'

npm manifest: 
  {
    "name": "nftproject",
    "version": "0.0.0",
    "scripts": {
      "dev": "vite",
      "build": "vue-tsc --noEmit && vite build",
      "serve": "vite preview"
    },
    "dependencies": {
      "gsap": "^3.8.0",
      "vue": "^3.2.16"
    },
    "devDependencies": {
      "@vitejs/plugin-vue": "^1.9.3",
      "autoprefixer": "^10.4.0",
      "postcss": "^8.3.11",
      "tailwindcss": "^2.2.19",
      "typescript": "^4.4.3",
      "vite": "^2.6.4",
      "vue-tsc": "^0.3.0"
    }
  }

yarn manifest: 
  No manifest

Lockfile: 
  No lockfile
